[0.900s] Invoking command in '/home/lolineko/ROS2/rover_cerebro/src/rover_gui': PYTHONPATH=/home/lolineko/ROS2/rover_cerebro/build/rover_gui/prefix_override:/home/lolineko/ROS2/rover_cerebro/install/rover_gui/lib/python3.8/site-packages:${PYTHONPATH} /usr/bin/python3 setup.py egg_info --egg-base ../../build/rover_gui build --build-base /home/lolineko/ROS2/rover_cerebro/build/rover_gui/build install --record /home/lolineko/ROS2/rover_cerebro/build/rover_gui/install.log --install-scripts $base/lib/rover_gui --single-version-externally-managed
[1.184s] running egg_info
[1.184s] writing ../../build/rover_gui/rover_gui.egg-info/PKG-INFO
[1.185s] writing dependency_links to ../../build/rover_gui/rover_gui.egg-info/dependency_links.txt
[1.185s] writing entry points to ../../build/rover_gui/rover_gui.egg-info/entry_points.txt
[1.185s] writing requirements to ../../build/rover_gui/rover_gui.egg-info/requires.txt
[1.185s] writing top-level names to ../../build/rover_gui/rover_gui.egg-info/top_level.txt
[1.231s] reading manifest file '../../build/rover_gui/rover_gui.egg-info/SOURCES.txt'
[1.233s] writing manifest file '../../build/rover_gui/rover_gui.egg-info/SOURCES.txt'
[1.234s] running build
[1.234s] running build_py
[1.234s] running install
[1.235s] running install_lib
[1.237s] running install_data
[1.238s] running install_egg_info
[1.240s] removing '/home/lolineko/ROS2/rover_cerebro/install/rover_gui/lib/python3.8/site-packages/rover_gui-0.0.0-py3.8.egg-info' (and everything under it)
[1.240s] Copying ../../build/rover_gui/rover_gui.egg-info to /home/lolineko/ROS2/rover_cerebro/install/rover_gui/lib/python3.8/site-packages/rover_gui-0.0.0-py3.8.egg-info
[1.241s] running install_scripts
[1.264s] Installing GUINode script to /home/lolineko/ROS2/rover_cerebro/install/rover_gui/lib/rover_gui
[1.264s] Installing talkerNode script to /home/lolineko/ROS2/rover_cerebro/install/rover_gui/lib/rover_gui
[1.265s] writing list of installed files to '/home/lolineko/ROS2/rover_cerebro/build/rover_gui/install.log'
[1.303s] Invoked command in '/home/lolineko/ROS2/rover_cerebro/src/rover_gui' returned '0': PYTHONPATH=/home/lolineko/ROS2/rover_cerebro/build/rover_gui/prefix_override:/home/lolineko/ROS2/rover_cerebro/install/rover_gui/lib/python3.8/site-packages:${PYTHONPATH} /usr/bin/python3 setup.py egg_info --egg-base ../../build/rover_gui build --build-base /home/lolineko/ROS2/rover_cerebro/build/rover_gui/build install --record /home/lolineko/ROS2/rover_cerebro/build/rover_gui/install.log --install-scripts $base/lib/rover_gui --single-version-externally-managed
