/home/lolineko/Documents/ROS2/rover_cerebro/install/rover_gui/lib/python3.8/site-packages/rover_gui/RoverGUI.py
/home/lolineko/Documents/ROS2/rover_cerebro/install/rover_gui/lib/python3.8/site-packages/rover_gui/__init__.py
/home/lolineko/Documents/ROS2/rover_cerebro/install/rover_gui/lib/python3.8/site-packages/rover_gui/camera_publisher.py
/home/lolineko/Documents/ROS2/rover_cerebro/install/rover_gui/lib/python3.8/site-packages/rover_gui/camera_suscriber.py
/home/lolineko/Documents/ROS2/rover_cerebro/install/rover_gui/lib/python3.8/site-packages/rover_gui/__pycache__/RoverGUI.cpython-38.pyc
/home/lolineko/Documents/ROS2/rover_cerebro/install/rover_gui/lib/python3.8/site-packages/rover_gui/__pycache__/__init__.cpython-38.pyc
/home/lolineko/Documents/ROS2/rover_cerebro/install/rover_gui/lib/python3.8/site-packages/rover_gui/__pycache__/camera_publisher.cpython-38.pyc
/home/lolineko/Documents/ROS2/rover_cerebro/install/rover_gui/lib/python3.8/site-packages/rover_gui/__pycache__/camera_suscriber.cpython-38.pyc
/home/lolineko/Documents/ROS2/rover_cerebro/install/rover_gui/share/ament_index/resource_index/packages/rover_gui
/home/lolineko/Documents/ROS2/rover_cerebro/install/rover_gui/share/rover_gui/package.xml
/home/lolineko/Documents/ROS2/rover_cerebro/install/rover_gui/lib/python3.8/site-packages/rover_gui-0.0.0-py3.8.egg-info/PKG-INFO
/home/lolineko/Documents/ROS2/rover_cerebro/install/rover_gui/lib/python3.8/site-packages/rover_gui-0.0.0-py3.8.egg-info/dependency_links.txt
/home/lolineko/Documents/ROS2/rover_cerebro/install/rover_gui/lib/python3.8/site-packages/rover_gui-0.0.0-py3.8.egg-info/entry_points.txt
/home/lolineko/Documents/ROS2/rover_cerebro/install/rover_gui/lib/python3.8/site-packages/rover_gui-0.0.0-py3.8.egg-info/zip-safe
/home/lolineko/Documents/ROS2/rover_cerebro/install/rover_gui/lib/python3.8/site-packages/rover_gui-0.0.0-py3.8.egg-info/requires.txt
/home/lolineko/Documents/ROS2/rover_cerebro/install/rover_gui/lib/python3.8/site-packages/rover_gui-0.0.0-py3.8.egg-info/SOURCES.txt
/home/lolineko/Documents/ROS2/rover_cerebro/install/rover_gui/lib/python3.8/site-packages/rover_gui-0.0.0-py3.8.egg-info/top_level.txt
/home/lolineko/Documents/ROS2/rover_cerebro/install/rover_gui/lib/rover_gui/GUINode
/home/lolineko/Documents/ROS2/rover_cerebro/install/rover_gui/lib/rover_gui/camera_publisher
/home/lolineko/Documents/ROS2/rover_cerebro/install/rover_gui/lib/rover_gui/camera_suscriber
