[1.727s] Invoking command in '/home/rover-ubuntu/Documents/ROS2/rover_cerebro/src/rover_gui': PYTHONPATH=/home/rover-ubuntu/Documents/ROS2/rover_cerebro/build/rover_gui/prefix_override:/home/rover-ubuntu/Documents/ROS2/rover_cerebro/install/rover_gui/lib/python3.8/site-packages:${PYTHONPATH} /usr/bin/python3 setup.py egg_info --egg-base ../../build/rover_gui build --build-base /home/rover-ubuntu/Documents/ROS2/rover_cerebro/build/rover_gui/build install --record /home/rover-ubuntu/Documents/ROS2/rover_cerebro/build/rover_gui/install.log --install-scripts $base/lib/rover_gui --single-version-externally-managed
[2.163s] running egg_info
[2.163s] writing ../../build/rover_gui/rover_gui.egg-info/PKG-INFO
[2.166s] writing dependency_links to ../../build/rover_gui/rover_gui.egg-info/dependency_links.txt
[2.167s] writing entry points to ../../build/rover_gui/rover_gui.egg-info/entry_points.txt
[2.167s] writing requirements to ../../build/rover_gui/rover_gui.egg-info/requires.txt
[2.167s] writing top-level names to ../../build/rover_gui/rover_gui.egg-info/top_level.txt
[2.250s] reading manifest file '../../build/rover_gui/rover_gui.egg-info/SOURCES.txt'
[2.273s] writing manifest file '../../build/rover_gui/rover_gui.egg-info/SOURCES.txt'
[2.273s] running build
[2.273s] running build_py
[2.274s] copying rover_gui/algoritmo.py -> /home/rover-ubuntu/Documents/ROS2/rover_cerebro/build/rover_gui/build/lib/rover_gui
[2.274s] running install
[2.274s] running install_lib
[2.274s] copying /home/rover-ubuntu/Documents/ROS2/rover_cerebro/build/rover_gui/build/lib/rover_gui/algoritmo.py -> /home/rover-ubuntu/Documents/ROS2/rover_cerebro/install/rover_gui/lib/python3.8/site-packages/rover_gui
[2.274s] byte-compiling /home/rover-ubuntu/Documents/ROS2/rover_cerebro/install/rover_gui/lib/python3.8/site-packages/rover_gui/algoritmo.py to algoritmo.cpython-38.pyc
[2.281s] running install_data
[2.287s] running install_egg_info
[2.289s] removing '/home/rover-ubuntu/Documents/ROS2/rover_cerebro/install/rover_gui/lib/python3.8/site-packages/rover_gui-0.0.0-py3.8.egg-info' (and everything under it)
[2.289s] Copying ../../build/rover_gui/rover_gui.egg-info to /home/rover-ubuntu/Documents/ROS2/rover_cerebro/install/rover_gui/lib/python3.8/site-packages/rover_gui-0.0.0-py3.8.egg-info
[2.291s] running install_scripts
[2.350s] Installing algoritmo script to /home/rover-ubuntu/Documents/ROS2/rover_cerebro/install/rover_gui/lib/rover_gui
[2.351s] Installing velocidad_talker script to /home/rover-ubuntu/Documents/ROS2/rover_cerebro/install/rover_gui/lib/rover_gui
[2.358s] writing list of installed files to '/home/rover-ubuntu/Documents/ROS2/rover_cerebro/build/rover_gui/install.log'
[2.450s] Invoked command in '/home/rover-ubuntu/Documents/ROS2/rover_cerebro/src/rover_gui' returned '0': PYTHONPATH=/home/rover-ubuntu/Documents/ROS2/rover_cerebro/build/rover_gui/prefix_override:/home/rover-ubuntu/Documents/ROS2/rover_cerebro/install/rover_gui/lib/python3.8/site-packages:${PYTHONPATH} /usr/bin/python3 setup.py egg_info --egg-base ../../build/rover_gui build --build-base /home/rover-ubuntu/Documents/ROS2/rover_cerebro/build/rover_gui/build install --record /home/rover-ubuntu/Documents/ROS2/rover_cerebro/build/rover_gui/install.log --install-scripts $base/lib/rover_gui --single-version-externally-managed
