[0.686s] Invoking command in '/home/lolineko/ROS2/rover_cerebro/src/rover_gui': PYTHONPATH=/home/lolineko/ROS2/rover_cerebro/build/rover_gui/prefix_override:/home/lolineko/ROS2/rover_cerebro/install/rover_gui/lib/python3.8/site-packages:${PYTHONPATH} /usr/bin/python3 setup.py egg_info --egg-base ../../build/rover_gui build --build-base /home/lolineko/ROS2/rover_cerebro/build/rover_gui/build install --record /home/lolineko/ROS2/rover_cerebro/build/rover_gui/install.log --install-scripts $base/lib/rover_gui --single-version-externally-managed
[0.893s] running egg_info
[0.894s] writing ../../build/rover_gui/rover_gui.egg-info/PKG-INFO
[0.894s] writing dependency_links to ../../build/rover_gui/rover_gui.egg-info/dependency_links.txt
[0.894s] writing entry points to ../../build/rover_gui/rover_gui.egg-info/entry_points.txt
[0.895s] writing requirements to ../../build/rover_gui/rover_gui.egg-info/requires.txt
[0.895s] writing top-level names to ../../build/rover_gui/rover_gui.egg-info/top_level.txt
[0.937s] reading manifest file '../../build/rover_gui/rover_gui.egg-info/SOURCES.txt'
[0.938s] writing manifest file '../../build/rover_gui/rover_gui.egg-info/SOURCES.txt'
[0.938s] running build
[0.938s] running build_py
[0.938s] copying rover_gui/Component.py -> /home/lolineko/ROS2/rover_cerebro/build/rover_gui/build/lib/rover_gui
[0.938s] copying rover_gui/RoverGUI.py -> /home/lolineko/ROS2/rover_cerebro/build/rover_gui/build/lib/rover_gui
[0.939s] copying rover_gui/KeyboardControl.py -> /home/lolineko/ROS2/rover_cerebro/build/rover_gui/build/lib/rover_gui
[0.939s] copying rover_gui/main.py -> /home/lolineko/ROS2/rover_cerebro/build/rover_gui/build/lib/rover_gui
[0.939s] copying rover_gui/Window.py -> /home/lolineko/ROS2/rover_cerebro/build/rover_gui/build/lib/rover_gui
[0.939s] copying rover_gui/Gadgets.py -> /home/lolineko/ROS2/rover_cerebro/build/rover_gui/build/lib/rover_gui
[0.939s] running install
[0.940s] running install_lib
[0.941s] copying /home/lolineko/ROS2/rover_cerebro/build/rover_gui/build/lib/rover_gui/Component.py -> /home/lolineko/ROS2/rover_cerebro/install/rover_gui/lib/python3.8/site-packages/rover_gui
[0.941s] copying /home/lolineko/ROS2/rover_cerebro/build/rover_gui/build/lib/rover_gui/RoverGUI.py -> /home/lolineko/ROS2/rover_cerebro/install/rover_gui/lib/python3.8/site-packages/rover_gui
[0.942s] copying /home/lolineko/ROS2/rover_cerebro/build/rover_gui/build/lib/rover_gui/KeyboardControl.py -> /home/lolineko/ROS2/rover_cerebro/install/rover_gui/lib/python3.8/site-packages/rover_gui
[0.942s] copying /home/lolineko/ROS2/rover_cerebro/build/rover_gui/build/lib/rover_gui/main.py -> /home/lolineko/ROS2/rover_cerebro/install/rover_gui/lib/python3.8/site-packages/rover_gui
[0.942s] copying /home/lolineko/ROS2/rover_cerebro/build/rover_gui/build/lib/rover_gui/Window.py -> /home/lolineko/ROS2/rover_cerebro/install/rover_gui/lib/python3.8/site-packages/rover_gui
[0.942s] copying /home/lolineko/ROS2/rover_cerebro/build/rover_gui/build/lib/rover_gui/Gadgets.py -> /home/lolineko/ROS2/rover_cerebro/install/rover_gui/lib/python3.8/site-packages/rover_gui
[0.942s] byte-compiling /home/lolineko/ROS2/rover_cerebro/install/rover_gui/lib/python3.8/site-packages/rover_gui/Component.py to Component.cpython-38.pyc
[0.944s] byte-compiling /home/lolineko/ROS2/rover_cerebro/install/rover_gui/lib/python3.8/site-packages/rover_gui/RoverGUI.py to RoverGUI.cpython-38.pyc
[0.946s] byte-compiling /home/lolineko/ROS2/rover_cerebro/install/rover_gui/lib/python3.8/site-packages/rover_gui/KeyboardControl.py to KeyboardControl.cpython-38.pyc
[0.946s] byte-compiling /home/lolineko/ROS2/rover_cerebro/install/rover_gui/lib/python3.8/site-packages/rover_gui/main.py to main.cpython-38.pyc
[0.947s] byte-compiling /home/lolineko/ROS2/rover_cerebro/install/rover_gui/lib/python3.8/site-packages/rover_gui/Window.py to Window.cpython-38.pyc
[0.948s] byte-compiling /home/lolineko/ROS2/rover_cerebro/install/rover_gui/lib/python3.8/site-packages/rover_gui/Gadgets.py to Gadgets.cpython-38.pyc
[0.948s] running install_data
[0.949s] running install_egg_info
[0.951s] removing '/home/lolineko/ROS2/rover_cerebro/install/rover_gui/lib/python3.8/site-packages/rover_gui-0.0.0-py3.8.egg-info' (and everything under it)
[0.951s] Copying ../../build/rover_gui/rover_gui.egg-info to /home/lolineko/ROS2/rover_cerebro/install/rover_gui/lib/python3.8/site-packages/rover_gui-0.0.0-py3.8.egg-info
[0.952s] running install_scripts
[0.969s] Installing GUINode script to /home/lolineko/ROS2/rover_cerebro/install/rover_gui/lib/rover_gui
[0.969s] writing list of installed files to '/home/lolineko/ROS2/rover_cerebro/build/rover_gui/install.log'
[1.002s] Invoked command in '/home/lolineko/ROS2/rover_cerebro/src/rover_gui' returned '0': PYTHONPATH=/home/lolineko/ROS2/rover_cerebro/build/rover_gui/prefix_override:/home/lolineko/ROS2/rover_cerebro/install/rover_gui/lib/python3.8/site-packages:${PYTHONPATH} /usr/bin/python3 setup.py egg_info --egg-base ../../build/rover_gui build --build-base /home/lolineko/ROS2/rover_cerebro/build/rover_gui/build install --record /home/lolineko/ROS2/rover_cerebro/build/rover_gui/install.log --install-scripts $base/lib/rover_gui --single-version-externally-managed
