[0.682s] Invoking command in '/home/lolineko/Documents/ROS2/rover_cerebro/src/rover_gui': PYTHONPATH=/home/lolineko/Documents/ROS2/rover_cerebro/build/rover_gui/prefix_override:/home/lolineko/Documents/ROS2/rover_cerebro/install/rover_gui/lib/python3.8/site-packages:${PYTHONPATH} /usr/bin/python3 setup.py egg_info --egg-base ../../build/rover_gui build --build-base /home/lolineko/Documents/ROS2/rover_cerebro/build/rover_gui/build install --record /home/lolineko/Documents/ROS2/rover_cerebro/build/rover_gui/install.log --install-scripts $base/lib/rover_gui --single-version-externally-managed
[0.886s] running egg_info
[0.886s] writing ../../build/rover_gui/rover_gui.egg-info/PKG-INFO
[0.887s] writing dependency_links to ../../build/rover_gui/rover_gui.egg-info/dependency_links.txt
[0.887s] writing entry points to ../../build/rover_gui/rover_gui.egg-info/entry_points.txt
[0.887s] writing requirements to ../../build/rover_gui/rover_gui.egg-info/requires.txt
[0.887s] writing top-level names to ../../build/rover_gui/rover_gui.egg-info/top_level.txt
[0.920s] reading manifest file '../../build/rover_gui/rover_gui.egg-info/SOURCES.txt'
[0.921s] writing manifest file '../../build/rover_gui/rover_gui.egg-info/SOURCES.txt'
[0.921s] running build
[0.921s] running build_py
[0.921s] running install
[0.922s] running install_lib
[0.924s] running install_data
[0.924s] running install_egg_info
[0.926s] removing '/home/lolineko/Documents/ROS2/rover_cerebro/install/rover_gui/lib/python3.8/site-packages/rover_gui-0.0.0-py3.8.egg-info' (and everything under it)
[0.926s] Copying ../../build/rover_gui/rover_gui.egg-info to /home/lolineko/Documents/ROS2/rover_cerebro/install/rover_gui/lib/python3.8/site-packages/rover_gui-0.0.0-py3.8.egg-info
[0.926s] running install_scripts
[0.944s] Installing GUINode script to /home/lolineko/Documents/ROS2/rover_cerebro/install/rover_gui/lib/rover_gui
[0.944s] Installing camera_publisher script to /home/lolineko/Documents/ROS2/rover_cerebro/install/rover_gui/lib/rover_gui
[0.944s] Installing camera_suscriber script to /home/lolineko/Documents/ROS2/rover_cerebro/install/rover_gui/lib/rover_gui
[0.945s] writing list of installed files to '/home/lolineko/Documents/ROS2/rover_cerebro/build/rover_gui/install.log'
[0.973s] Invoked command in '/home/lolineko/Documents/ROS2/rover_cerebro/src/rover_gui' returned '0': PYTHONPATH=/home/lolineko/Documents/ROS2/rover_cerebro/build/rover_gui/prefix_override:/home/lolineko/Documents/ROS2/rover_cerebro/install/rover_gui/lib/python3.8/site-packages:${PYTHONPATH} /usr/bin/python3 setup.py egg_info --egg-base ../../build/rover_gui build --build-base /home/lolineko/Documents/ROS2/rover_cerebro/build/rover_gui/build install --record /home/lolineko/Documents/ROS2/rover_cerebro/build/rover_gui/install.log --install-scripts $base/lib/rover_gui --single-version-externally-managed
