[0.848s] Invoking command in '/home/lolineko/ROS2/rover_cerebro/src/rover_gui': PYTHONPATH=/home/lolineko/ROS2/rover_cerebro/build/rover_gui/prefix_override:/home/lolineko/ROS2/rover_cerebro/install/rover_gui/lib/python3.8/site-packages:${PYTHONPATH} /usr/bin/python3 setup.py egg_info --egg-base ../../build/rover_gui build --build-base /home/lolineko/ROS2/rover_cerebro/build/rover_gui/build install --record /home/lolineko/ROS2/rover_cerebro/build/rover_gui/install.log --install-scripts $base/lib/rover_gui --single-version-externally-managed
[1.106s] running egg_info
[1.106s] writing ../../build/rover_gui/rover_gui.egg-info/PKG-INFO
[1.106s] writing dependency_links to ../../build/rover_gui/rover_gui.egg-info/dependency_links.txt
[1.107s] writing entry points to ../../build/rover_gui/rover_gui.egg-info/entry_points.txt
[1.107s] writing requirements to ../../build/rover_gui/rover_gui.egg-info/requires.txt
[1.107s] writing top-level names to ../../build/rover_gui/rover_gui.egg-info/top_level.txt
[1.151s] reading manifest file '../../build/rover_gui/rover_gui.egg-info/SOURCES.txt'
[1.152s] writing manifest file '../../build/rover_gui/rover_gui.egg-info/SOURCES.txt'
[1.152s] running build
[1.152s] running build_py
[1.152s] copying rover_gui/RoverGUI.py -> /home/lolineko/ROS2/rover_cerebro/build/rover_gui/build/lib/rover_gui
[1.152s] running install
[1.153s] running install_lib
[1.154s] copying /home/lolineko/ROS2/rover_cerebro/build/rover_gui/build/lib/rover_gui/RoverGUI.py -> /home/lolineko/ROS2/rover_cerebro/install/rover_gui/lib/python3.8/site-packages/rover_gui
[1.155s] byte-compiling /home/lolineko/ROS2/rover_cerebro/install/rover_gui/lib/python3.8/site-packages/rover_gui/RoverGUI.py to RoverGUI.cpython-38.pyc
[1.156s]   File "/home/lolineko/ROS2/rover_cerebro/install/rover_gui/lib/python3.8/site-packages/rover_gui/RoverGUI.py", line 17
[1.156s]     import .nodos_gui/listener_gui
[1.156s]            ^
[1.157s] SyntaxError: invalid syntax
[1.157s] 
[1.157s] running install_data
[1.157s] running install_egg_info
[1.158s] removing '/home/lolineko/ROS2/rover_cerebro/install/rover_gui/lib/python3.8/site-packages/rover_gui-0.0.0-py3.8.egg-info' (and everything under it)
[1.159s] Copying ../../build/rover_gui/rover_gui.egg-info to /home/lolineko/ROS2/rover_cerebro/install/rover_gui/lib/python3.8/site-packages/rover_gui-0.0.0-py3.8.egg-info
[1.160s] running install_scripts
[1.185s] Installing GUINode script to /home/lolineko/ROS2/rover_cerebro/install/rover_gui/lib/rover_gui
[1.186s] writing list of installed files to '/home/lolineko/ROS2/rover_cerebro/build/rover_gui/install.log'
[1.236s] Invoked command in '/home/lolineko/ROS2/rover_cerebro/src/rover_gui' returned '0': PYTHONPATH=/home/lolineko/ROS2/rover_cerebro/build/rover_gui/prefix_override:/home/lolineko/ROS2/rover_cerebro/install/rover_gui/lib/python3.8/site-packages:${PYTHONPATH} /usr/bin/python3 setup.py egg_info --egg-base ../../build/rover_gui build --build-base /home/lolineko/ROS2/rover_cerebro/build/rover_gui/build install --record /home/lolineko/ROS2/rover_cerebro/build/rover_gui/install.log --install-scripts $base/lib/rover_gui --single-version-externally-managed
