[0.688s] Invoking command in '/home/lolineko/ROS2/rover_cerebro/src/rover_gui': PYTHONPATH=/home/lolineko/ROS2/rover_cerebro/build/rover_gui/prefix_override:/home/lolineko/ROS2/rover_cerebro/install/rover_gui/lib/python3.8/site-packages:${PYTHONPATH} /usr/bin/python3 setup.py egg_info --egg-base ../../build/rover_gui build --build-base /home/lolineko/ROS2/rover_cerebro/build/rover_gui/build install --record /home/lolineko/ROS2/rover_cerebro/build/rover_gui/install.log --install-scripts $base/lib/rover_gui --single-version-externally-managed
[0.905s] running egg_info
[0.905s] writing ../../build/rover_gui/rover_gui.egg-info/PKG-INFO
[0.906s] writing dependency_links to ../../build/rover_gui/rover_gui.egg-info/dependency_links.txt
[0.906s] writing entry points to ../../build/rover_gui/rover_gui.egg-info/entry_points.txt
[0.906s] writing requirements to ../../build/rover_gui/rover_gui.egg-info/requires.txt
[0.906s] writing top-level names to ../../build/rover_gui/rover_gui.egg-info/top_level.txt
[0.941s] reading manifest file '../../build/rover_gui/rover_gui.egg-info/SOURCES.txt'
[0.942s] writing manifest file '../../build/rover_gui/rover_gui.egg-info/SOURCES.txt'
[0.942s] running build
[0.942s] running build_py
[0.942s] copying rover_gui/RoverGUI.py -> /home/lolineko/ROS2/rover_cerebro/build/rover_gui/build/lib/rover_gui
[0.942s] running install
[0.943s] running install_lib
[0.944s] copying /home/lolineko/ROS2/rover_cerebro/build/rover_gui/build/lib/rover_gui/RoverGUI.py -> /home/lolineko/ROS2/rover_cerebro/install/rover_gui/lib/python3.8/site-packages/rover_gui
[0.945s] byte-compiling /home/lolineko/ROS2/rover_cerebro/install/rover_gui/lib/python3.8/site-packages/rover_gui/RoverGUI.py to RoverGUI.cpython-38.pyc
[0.947s]   File "/home/lolineko/ROS2/rover_cerebro/install/rover_gui/lib/python3.8/site-packages/rover_gui/RoverGUI.py", line 197
[0.947s]     Node.create_subscription(String,'topic', listener_callback, 10, ,qos.qos_profile_sensor_data)
[0.948s]                                                                     ^
[0.948s] SyntaxError: invalid syntax
[0.948s] 
[0.948s] running install_data
[0.948s] running install_egg_info
[0.949s] removing '/home/lolineko/ROS2/rover_cerebro/install/rover_gui/lib/python3.8/site-packages/rover_gui-0.0.0-py3.8.egg-info' (and everything under it)
[0.949s] Copying ../../build/rover_gui/rover_gui.egg-info to /home/lolineko/ROS2/rover_cerebro/install/rover_gui/lib/python3.8/site-packages/rover_gui-0.0.0-py3.8.egg-info
[0.950s] running install_scripts
[0.968s] Installing GUINode script to /home/lolineko/ROS2/rover_cerebro/install/rover_gui/lib/rover_gui
[0.968s] Installing talkerNode script to /home/lolineko/ROS2/rover_cerebro/install/rover_gui/lib/rover_gui
[0.968s] writing list of installed files to '/home/lolineko/ROS2/rover_cerebro/build/rover_gui/install.log'
[0.997s] Invoked command in '/home/lolineko/ROS2/rover_cerebro/src/rover_gui' returned '0': PYTHONPATH=/home/lolineko/ROS2/rover_cerebro/build/rover_gui/prefix_override:/home/lolineko/ROS2/rover_cerebro/install/rover_gui/lib/python3.8/site-packages:${PYTHONPATH} /usr/bin/python3 setup.py egg_info --egg-base ../../build/rover_gui build --build-base /home/lolineko/ROS2/rover_cerebro/build/rover_gui/build install --record /home/lolineko/ROS2/rover_cerebro/build/rover_gui/install.log --install-scripts $base/lib/rover_gui --single-version-externally-managed
