[0.707s] Invoking command in '/home/lolineko/ROS2/rover_cerebro/src/rover_gui': PYTHONPATH=/home/lolineko/ROS2/rover_cerebro/build/rover_gui/prefix_override:/home/lolineko/ROS2/rover_cerebro/install/rover_gui/lib/python3.8/site-packages:${PYTHONPATH} /usr/bin/python3 setup.py egg_info --egg-base ../../build/rover_gui build --build-base /home/lolineko/ROS2/rover_cerebro/build/rover_gui/build install --record /home/lolineko/ROS2/rover_cerebro/build/rover_gui/install.log --install-scripts $base/lib/rover_gui --single-version-externally-managed
[0.916s] running egg_info
[0.916s] writing ../../build/rover_gui/rover_gui.egg-info/PKG-INFO
[0.916s] writing dependency_links to ../../build/rover_gui/rover_gui.egg-info/dependency_links.txt
[0.917s] writing entry points to ../../build/rover_gui/rover_gui.egg-info/entry_points.txt
[0.917s] writing requirements to ../../build/rover_gui/rover_gui.egg-info/requires.txt
[0.917s] writing top-level names to ../../build/rover_gui/rover_gui.egg-info/top_level.txt
[0.957s] reading manifest file '../../build/rover_gui/rover_gui.egg-info/SOURCES.txt'
[0.958s] writing manifest file '../../build/rover_gui/rover_gui.egg-info/SOURCES.txt'
[0.958s] running build
[0.958s] running build_py
[0.958s] copying rover_gui/RoverGUI.py -> /home/lolineko/ROS2/rover_cerebro/build/rover_gui/build/lib/rover_gui
[0.959s] running install
[0.960s] running install_lib
[0.961s] copying /home/lolineko/ROS2/rover_cerebro/build/rover_gui/build/lib/rover_gui/RoverGUI.py -> /home/lolineko/ROS2/rover_cerebro/install/rover_gui/lib/python3.8/site-packages/rover_gui
[0.961s] byte-compiling /home/lolineko/ROS2/rover_cerebro/install/rover_gui/lib/python3.8/site-packages/rover_gui/RoverGUI.py to RoverGUI.cpython-38.pyc
[0.964s] running install_data
[0.965s] running install_egg_info
[0.966s] removing '/home/lolineko/ROS2/rover_cerebro/install/rover_gui/lib/python3.8/site-packages/rover_gui-0.0.0-py3.8.egg-info' (and everything under it)
[0.966s] Copying ../../build/rover_gui/rover_gui.egg-info to /home/lolineko/ROS2/rover_cerebro/install/rover_gui/lib/python3.8/site-packages/rover_gui-0.0.0-py3.8.egg-info
[0.967s] running install_scripts
[0.985s] Installing GUINode script to /home/lolineko/ROS2/rover_cerebro/install/rover_gui/lib/rover_gui
[0.985s] Installing talkerNode script to /home/lolineko/ROS2/rover_cerebro/install/rover_gui/lib/rover_gui
[0.985s] writing list of installed files to '/home/lolineko/ROS2/rover_cerebro/build/rover_gui/install.log'
[1.014s] Invoked command in '/home/lolineko/ROS2/rover_cerebro/src/rover_gui' returned '0': PYTHONPATH=/home/lolineko/ROS2/rover_cerebro/build/rover_gui/prefix_override:/home/lolineko/ROS2/rover_cerebro/install/rover_gui/lib/python3.8/site-packages:${PYTHONPATH} /usr/bin/python3 setup.py egg_info --egg-base ../../build/rover_gui build --build-base /home/lolineko/ROS2/rover_cerebro/build/rover_gui/build install --record /home/lolineko/ROS2/rover_cerebro/build/rover_gui/install.log --install-scripts $base/lib/rover_gui --single-version-externally-managed
