[0.715s] Invoking command in '/home/lolineko/ROS2/rover_cerebro/src/rover_gui': PYTHONPATH=/home/lolineko/ROS2/rover_cerebro/build/rover_gui/prefix_override:/home/lolineko/ROS2/rover_cerebro/install/rover_gui/lib/python3.8/site-packages:${PYTHONPATH} /usr/bin/python3 setup.py egg_info --egg-base ../../build/rover_gui build --build-base /home/lolineko/ROS2/rover_cerebro/build/rover_gui/build install --record /home/lolineko/ROS2/rover_cerebro/build/rover_gui/install.log --install-scripts $base/lib/rover_gui --single-version-externally-managed
[0.917s] running egg_info
[0.917s] creating ../../build/rover_gui/rover_gui.egg-info
[0.918s] writing ../../build/rover_gui/rover_gui.egg-info/PKG-INFO
[0.918s] writing dependency_links to ../../build/rover_gui/rover_gui.egg-info/dependency_links.txt
[0.918s] writing entry points to ../../build/rover_gui/rover_gui.egg-info/entry_points.txt
[0.918s] writing requirements to ../../build/rover_gui/rover_gui.egg-info/requires.txt
[0.918s] writing top-level names to ../../build/rover_gui/rover_gui.egg-info/top_level.txt
[0.920s] writing manifest file '../../build/rover_gui/rover_gui.egg-info/SOURCES.txt'
[0.954s] reading manifest file '../../build/rover_gui/rover_gui.egg-info/SOURCES.txt'
[0.955s] writing manifest file '../../build/rover_gui/rover_gui.egg-info/SOURCES.txt'
[0.955s] running build
[0.955s] running build_py
[0.955s] creating /home/lolineko/ROS2/rover_cerebro/build/rover_gui/build
[0.956s] creating /home/lolineko/ROS2/rover_cerebro/build/rover_gui/build/lib
[0.956s] creating /home/lolineko/ROS2/rover_cerebro/build/rover_gui/build/lib/rover_gui
[0.956s] copying rover_gui/talker.py -> /home/lolineko/ROS2/rover_cerebro/build/rover_gui/build/lib/rover_gui
[0.956s] copying rover_gui/__init__.py -> /home/lolineko/ROS2/rover_cerebro/build/rover_gui/build/lib/rover_gui
[0.956s] running install
[0.957s] running install_lib
[0.957s] creating /home/lolineko/ROS2/rover_cerebro/install/rover_gui/lib/python3.8/site-packages/rover_gui
[0.957s] copying /home/lolineko/ROS2/rover_cerebro/build/rover_gui/build/lib/rover_gui/talker.py -> /home/lolineko/ROS2/rover_cerebro/install/rover_gui/lib/python3.8/site-packages/rover_gui
[0.957s] copying /home/lolineko/ROS2/rover_cerebro/build/rover_gui/build/lib/rover_gui/__init__.py -> /home/lolineko/ROS2/rover_cerebro/install/rover_gui/lib/python3.8/site-packages/rover_gui
[0.957s] byte-compiling /home/lolineko/ROS2/rover_cerebro/install/rover_gui/lib/python3.8/site-packages/rover_gui/talker.py to talker.cpython-38.pyc
[0.959s] byte-compiling /home/lolineko/ROS2/rover_cerebro/install/rover_gui/lib/python3.8/site-packages/rover_gui/__init__.py to __init__.cpython-38.pyc
[0.959s] running install_data
[0.959s] creating /home/lolineko/ROS2/rover_cerebro/install/rover_gui/share/ament_index
[0.960s] creating /home/lolineko/ROS2/rover_cerebro/install/rover_gui/share/ament_index/resource_index
[0.960s] creating /home/lolineko/ROS2/rover_cerebro/install/rover_gui/share/ament_index/resource_index/packages
[0.960s] copying resource/rover_gui -> /home/lolineko/ROS2/rover_cerebro/install/rover_gui/share/ament_index/resource_index/packages
[0.960s] copying package.xml -> /home/lolineko/ROS2/rover_cerebro/install/rover_gui/share/rover_gui
[0.960s] running install_egg_info
[0.961s] Copying ../../build/rover_gui/rover_gui.egg-info to /home/lolineko/ROS2/rover_cerebro/install/rover_gui/lib/python3.8/site-packages/rover_gui-0.0.0-py3.8.egg-info
[0.962s] running install_scripts
[0.983s] Installing talkerNode script to /home/lolineko/ROS2/rover_cerebro/install/rover_gui/lib/rover_gui
[0.983s] writing list of installed files to '/home/lolineko/ROS2/rover_cerebro/build/rover_gui/install.log'
[1.015s] Invoked command in '/home/lolineko/ROS2/rover_cerebro/src/rover_gui' returned '0': PYTHONPATH=/home/lolineko/ROS2/rover_cerebro/build/rover_gui/prefix_override:/home/lolineko/ROS2/rover_cerebro/install/rover_gui/lib/python3.8/site-packages:${PYTHONPATH} /usr/bin/python3 setup.py egg_info --egg-base ../../build/rover_gui build --build-base /home/lolineko/ROS2/rover_cerebro/build/rover_gui/build install --record /home/lolineko/ROS2/rover_cerebro/build/rover_gui/install.log --install-scripts $base/lib/rover_gui --single-version-externally-managed
