[3.924s] DEBUG:colcon:Command line arguments: ['/usr/bin/colcon', 'build']
[3.926s] DEBUG:colcon:Parsed command line arguments: Namespace(allow_overriding=[], ament_cmake_args=None, base_paths=['.'], build_base='build', catkin_cmake_args=None, catkin_skip_building_tests=False, cmake_args=None, cmake_clean_cache=False, cmake_clean_first=False, cmake_force_configure=False, cmake_target=None, cmake_target_skip_unavailable=False, continue_on_error=False, event_handlers=None, executor='parallel', ignore_user_meta=False, install_base='install', log_base=None, log_level=None, main=<bound method BuildVerb.main of <colcon_core.verb.build.BuildVerb object at 0x7f399b644dc0>>, merge_install=False, metas=['./colcon.meta'], packages_above=None, packages_above_and_dependencies=None, packages_above_depth=None, packages_end=None, packages_ignore=None, packages_ignore_regex=None, packages_select=None, packages_select_build_failed=False, packages_select_by_dep=None, packages_select_regex=None, packages_select_test_failures=False, packages_skip=None, packages_skip_build_finished=False, packages_skip_by_dep=None, packages_skip_regex=None, packages_skip_test_passed=False, packages_skip_up_to=None, packages_start=None, packages_up_to=None, packages_up_to_regex=None, parallel_workers=4, paths=None, symlink_install=False, test_result_base=None, verb_extension=<colcon_core.verb.build.BuildVerb object at 0x7f399b644dc0>, verb_name='build', verb_parser=<colcon_defaults.argument_parser.defaults.DefaultArgumentsDecorator object at 0x7f399b64f370>)
[4.933s] Level 1:colcon.colcon_core.package_discovery:discover_packages(colcon_meta) check parameters
[4.933s] Level 1:colcon.colcon_core.package_discovery:discover_packages(recursive) check parameters
[4.933s] Level 1:colcon.colcon_core.package_discovery:discover_packages(ignore) check parameters
[4.933s] Level 1:colcon.colcon_core.package_discovery:discover_packages(path) check parameters
[4.933s] Level 1:colcon.colcon_core.package_discovery:discover_packages(colcon_meta) discover
[4.933s] Level 1:colcon.colcon_core.package_discovery:discover_packages(recursive) discover
[4.933s] INFO:colcon.colcon_core.package_discovery:Crawling recursively for packages in '/home/rover-ubuntu/Documents/ROS2'
[4.933s] Level 1:colcon.colcon_core.package_identification:_identify(.) by extensions ['ignore', 'ignore_ament_install']
[4.934s] Level 1:colcon.colcon_core.package_identification:_identify(.) by extension 'ignore'
[4.934s] Level 1:colcon.colcon_core.package_identification:_identify(.) by extension 'ignore_ament_install'
[4.934s] Level 1:colcon.colcon_core.package_identification:_identify(.) by extensions ['colcon_pkg']
[4.934s] Level 1:colcon.colcon_core.package_identification:_identify(.) by extension 'colcon_pkg'
[4.934s] Level 1:colcon.colcon_core.package_identification:_identify(.) by extensions ['colcon_meta']
[4.934s] Level 1:colcon.colcon_core.package_identification:_identify(.) by extension 'colcon_meta'
[4.934s] Level 1:colcon.colcon_core.package_identification:_identify(.) by extensions ['ros']
[4.934s] Level 1:colcon.colcon_core.package_identification:_identify(.) by extension 'ros'
[5.083s] Level 1:colcon.colcon_core.package_identification:_identify(.) by extensions ['cmake', 'python']
[5.083s] Level 1:colcon.colcon_core.package_identification:_identify(.) by extension 'cmake'
[5.083s] Level 1:colcon.colcon_core.package_identification:_identify(.) by extension 'python'
[5.084s] Level 1:colcon.colcon_core.package_identification:_identify(.) by extensions ['python_setup_py']
[5.084s] Level 1:colcon.colcon_core.package_identification:_identify(.) by extension 'python_setup_py'
[5.084s] Level 1:colcon.colcon_core.package_identification:_identify(build) by extensions ['ignore', 'ignore_ament_install']
[5.084s] Level 1:colcon.colcon_core.package_identification:_identify(build) by extension 'ignore'
[5.084s] Level 1:colcon.colcon_core.package_identification:_identify(build) ignored
[5.084s] Level 1:colcon.colcon_core.package_identification:_identify(install) by extensions ['ignore', 'ignore_ament_install']
[5.087s] Level 1:colcon.colcon_core.package_identification:_identify(install) by extension 'ignore'
[5.088s] Level 1:colcon.colcon_core.package_identification:_identify(install) ignored
[5.088s] Level 1:colcon.colcon_core.package_identification:_identify(log) by extensions ['ignore', 'ignore_ament_install']
[5.088s] Level 1:colcon.colcon_core.package_identification:_identify(log) by extension 'ignore'
[5.088s] Level 1:colcon.colcon_core.package_identification:_identify(log) ignored
[5.088s] Level 1:colcon.colcon_core.package_identification:_identify(rover_cerebro) by extensions ['ignore', 'ignore_ament_install']
[5.088s] Level 1:colcon.colcon_core.package_identification:_identify(rover_cerebro) by extension 'ignore'
[5.089s] Level 1:colcon.colcon_core.package_identification:_identify(rover_cerebro) by extension 'ignore_ament_install'
[5.089s] Level 1:colcon.colcon_core.package_identification:_identify(rover_cerebro) by extensions ['colcon_pkg']
[5.089s] Level 1:colcon.colcon_core.package_identification:_identify(rover_cerebro) by extension 'colcon_pkg'
[5.089s] Level 1:colcon.colcon_core.package_identification:_identify(rover_cerebro) by extensions ['colcon_meta']
[5.089s] Level 1:colcon.colcon_core.package_identification:_identify(rover_cerebro) by extension 'colcon_meta'
[5.089s] Level 1:colcon.colcon_core.package_identification:_identify(rover_cerebro) by extensions ['ros']
[5.089s] Level 1:colcon.colcon_core.package_identification:_identify(rover_cerebro) by extension 'ros'
[5.089s] Level 1:colcon.colcon_core.package_identification:_identify(rover_cerebro) by extensions ['cmake', 'python']
[5.089s] Level 1:colcon.colcon_core.package_identification:_identify(rover_cerebro) by extension 'cmake'
[5.090s] Level 1:colcon.colcon_core.package_identification:_identify(rover_cerebro) by extension 'python'
[5.090s] Level 1:colcon.colcon_core.package_identification:_identify(rover_cerebro) by extensions ['python_setup_py']
[5.090s] Level 1:colcon.colcon_core.package_identification:_identify(rover_cerebro) by extension 'python_setup_py'
[5.090s] Level 1:colcon.colcon_core.package_identification:_identify(rover_cerebro/build) by extensions ['ignore', 'ignore_ament_install']
[5.090s] Level 1:colcon.colcon_core.package_identification:_identify(rover_cerebro/build) by extension 'ignore'
[5.090s] Level 1:colcon.colcon_core.package_identification:_identify(rover_cerebro/build) ignored
[5.090s] Level 1:colcon.colcon_core.package_identification:_identify(rover_cerebro/install) by extensions ['ignore', 'ignore_ament_install']
[5.091s] Level 1:colcon.colcon_core.package_identification:_identify(rover_cerebro/install) by extension 'ignore'
[5.091s] Level 1:colcon.colcon_core.package_identification:_identify(rover_cerebro/install) ignored
[5.091s] Level 1:colcon.colcon_core.package_identification:_identify(rover_cerebro/log) by extensions ['ignore', 'ignore_ament_install']
[5.091s] Level 1:colcon.colcon_core.package_identification:_identify(rover_cerebro/log) by extension 'ignore'
[5.091s] Level 1:colcon.colcon_core.package_identification:_identify(rover_cerebro/log) ignored
[5.091s] Level 1:colcon.colcon_core.package_identification:_identify(rover_cerebro/src) by extensions ['ignore', 'ignore_ament_install']
[5.092s] Level 1:colcon.colcon_core.package_identification:_identify(rover_cerebro/src) by extension 'ignore'
[5.092s] Level 1:colcon.colcon_core.package_identification:_identify(rover_cerebro/src) by extension 'ignore_ament_install'
[5.092s] Level 1:colcon.colcon_core.package_identification:_identify(rover_cerebro/src) by extensions ['colcon_pkg']
[5.092s] Level 1:colcon.colcon_core.package_identification:_identify(rover_cerebro/src) by extension 'colcon_pkg'
[5.092s] Level 1:colcon.colcon_core.package_identification:_identify(rover_cerebro/src) by extensions ['colcon_meta']
[5.092s] Level 1:colcon.colcon_core.package_identification:_identify(rover_cerebro/src) by extension 'colcon_meta'
[5.093s] Level 1:colcon.colcon_core.package_identification:_identify(rover_cerebro/src) by extensions ['ros']
[5.093s] Level 1:colcon.colcon_core.package_identification:_identify(rover_cerebro/src) by extension 'ros'
[5.093s] Level 1:colcon.colcon_core.package_identification:_identify(rover_cerebro/src) by extensions ['cmake', 'python']
[5.093s] Level 1:colcon.colcon_core.package_identification:_identify(rover_cerebro/src) by extension 'cmake'
[5.093s] Level 1:colcon.colcon_core.package_identification:_identify(rover_cerebro/src) by extension 'python'
[5.093s] Level 1:colcon.colcon_core.package_identification:_identify(rover_cerebro/src) by extensions ['python_setup_py']
[5.093s] Level 1:colcon.colcon_core.package_identification:_identify(rover_cerebro/src) by extension 'python_setup_py'
[5.094s] Level 1:colcon.colcon_core.package_identification:_identify(rover_cerebro/src/rover_gui) by extensions ['ignore', 'ignore_ament_install']
[5.094s] Level 1:colcon.colcon_core.package_identification:_identify(rover_cerebro/src/rover_gui) by extension 'ignore'
[5.094s] Level 1:colcon.colcon_core.package_identification:_identify(rover_cerebro/src/rover_gui) by extension 'ignore_ament_install'
[5.094s] Level 1:colcon.colcon_core.package_identification:_identify(rover_cerebro/src/rover_gui) by extensions ['colcon_pkg']
[5.094s] Level 1:colcon.colcon_core.package_identification:_identify(rover_cerebro/src/rover_gui) by extension 'colcon_pkg'
[5.094s] Level 1:colcon.colcon_core.package_identification:_identify(rover_cerebro/src/rover_gui) by extensions ['colcon_meta']
[5.094s] Level 1:colcon.colcon_core.package_identification:_identify(rover_cerebro/src/rover_gui) by extension 'colcon_meta'
[5.094s] Level 1:colcon.colcon_core.package_identification:_identify(rover_cerebro/src/rover_gui) by extensions ['ros']
[5.094s] Level 1:colcon.colcon_core.package_identification:_identify(rover_cerebro/src/rover_gui) by extension 'ros'
[5.143s] DEBUG:colcon.colcon_core.package_identification:Package 'rover_cerebro/src/rover_gui' with type 'ros.ament_python' and name 'rover_gui'
[5.143s] Level 1:colcon.colcon_core.package_discovery:discover_packages(recursive) using defaults
[5.144s] Level 1:colcon.colcon_core.package_discovery:discover_packages(ignore) discover
[5.144s] Level 1:colcon.colcon_core.package_discovery:discover_packages(ignore) using defaults
[5.144s] Level 1:colcon.colcon_core.package_discovery:discover_packages(path) discover
[5.144s] Level 1:colcon.colcon_core.package_discovery:discover_packages(path) using defaults
[5.508s] Level 1:colcon.colcon_core.package_discovery:discover_packages(prefix_path) check parameters
[5.508s] Level 1:colcon.colcon_core.package_discovery:discover_packages(prefix_path) discover
[5.581s] DEBUG:colcon.colcon_installed_package_information.package_discovery:Found 256 installed packages in /opt/ros/foxy
[5.587s] Level 1:colcon.colcon_core.package_discovery:discover_packages(prefix_path) using defaults
[6.506s] Level 5:colcon.colcon_core.verb:set package 'rover_gui' build argument 'cmake_args' from command line to 'None'
[6.506s] Level 5:colcon.colcon_core.verb:set package 'rover_gui' build argument 'cmake_target' from command line to 'None'
[6.506s] Level 5:colcon.colcon_core.verb:set package 'rover_gui' build argument 'cmake_target_skip_unavailable' from command line to 'False'
[6.506s] Level 5:colcon.colcon_core.verb:set package 'rover_gui' build argument 'cmake_clean_cache' from command line to 'False'
[6.506s] Level 5:colcon.colcon_core.verb:set package 'rover_gui' build argument 'cmake_clean_first' from command line to 'False'
[6.507s] Level 5:colcon.colcon_core.verb:set package 'rover_gui' build argument 'cmake_force_configure' from command line to 'False'
[6.507s] Level 5:colcon.colcon_core.verb:set package 'rover_gui' build argument 'ament_cmake_args' from command line to 'None'
[6.507s] Level 5:colcon.colcon_core.verb:set package 'rover_gui' build argument 'catkin_cmake_args' from command line to 'None'
[6.507s] Level 5:colcon.colcon_core.verb:set package 'rover_gui' build argument 'catkin_skip_building_tests' from command line to 'False'
[6.507s] DEBUG:colcon.colcon_core.verb:Building package 'rover_gui' with the following arguments: {'ament_cmake_args': None, 'build_base': '/home/rover-ubuntu/Documents/ROS2/build/rover_gui', 'catkin_cmake_args': None, 'catkin_skip_building_tests': False, 'cmake_args': None, 'cmake_clean_cache': False, 'cmake_clean_first': False, 'cmake_force_configure': False, 'cmake_target': None, 'cmake_target_skip_unavailable': False, 'install_base': '/home/rover-ubuntu/Documents/ROS2/install/rover_gui', 'merge_install': False, 'path': '/home/rover-ubuntu/Documents/ROS2/rover_cerebro/src/rover_gui', 'symlink_install': False, 'test_result_base': None}
[6.508s] INFO:colcon.colcon_core.executor:Executing jobs using 'parallel' executor
[6.519s] DEBUG:colcon.colcon_parallel_executor.executor.parallel:run_until_complete
[6.519s] INFO:colcon.colcon_ros.task.ament_python.build:Building ROS package in '/home/rover-ubuntu/Documents/ROS2/rover_cerebro/src/rover_gui' with build type 'ament_python'
[6.519s] Level 1:colcon.colcon_core.shell:create_environment_hook('rover_gui', 'ament_prefix_path')
[6.697s] INFO:colcon.colcon_core.plugin_system:Skipping extension 'colcon_core.shell.bat': Not used on non-Windows systems
[6.697s] INFO:colcon.colcon_core.shell:Creating environment hook '/home/rover-ubuntu/Documents/ROS2/install/rover_gui/share/rover_gui/hook/ament_prefix_path.ps1'
[6.722s] INFO:colcon.colcon_core.shell:Creating environment descriptor '/home/rover-ubuntu/Documents/ROS2/install/rover_gui/share/rover_gui/hook/ament_prefix_path.dsv'
[6.736s] INFO:colcon.colcon_core.shell:Creating environment hook '/home/rover-ubuntu/Documents/ROS2/install/rover_gui/share/rover_gui/hook/ament_prefix_path.sh'
[6.760s] INFO:colcon.colcon_core.shell:Skip shell extension 'powershell' for command environment: Not usable outside of PowerShell
[6.760s] DEBUG:colcon.colcon_core.shell:Skip shell extension 'dsv' for command environment
[7.705s] INFO:colcon.colcon_core.task.python.build:Building Python package in '/home/rover-ubuntu/Documents/ROS2/rover_cerebro/src/rover_gui'
[7.709s] INFO:colcon.colcon_core.shell:Skip shell extension 'powershell' for command environment: Not usable outside of PowerShell
[7.713s] DEBUG:colcon.colcon_core.shell:Skip shell extension 'dsv' for command environment
[9.080s] DEBUG:colcon.colcon_core.event_handler.log_command:Invoking command in '/home/rover-ubuntu/Documents/ROS2/rover_cerebro/src/rover_gui': PYTHONPATH=/home/rover-ubuntu/Documents/ROS2/build/rover_gui/prefix_override:/home/rover-ubuntu/Documents/ROS2/install/rover_gui/lib/python3.8/site-packages:${PYTHONPATH} /usr/bin/python3 setup.py egg_info --egg-base ../../../build/rover_gui build --build-base /home/rover-ubuntu/Documents/ROS2/build/rover_gui/build install --record /home/rover-ubuntu/Documents/ROS2/build/rover_gui/install.log --install-scripts $base/lib/rover_gui --single-version-externally-managed
[9.737s] DEBUG:colcon.colcon_core.event_handler.log_command:Invoked command in '/home/rover-ubuntu/Documents/ROS2/rover_cerebro/src/rover_gui' returned '0': PYTHONPATH=/home/rover-ubuntu/Documents/ROS2/build/rover_gui/prefix_override:/home/rover-ubuntu/Documents/ROS2/install/rover_gui/lib/python3.8/site-packages:${PYTHONPATH} /usr/bin/python3 setup.py egg_info --egg-base ../../../build/rover_gui build --build-base /home/rover-ubuntu/Documents/ROS2/build/rover_gui/build install --record /home/rover-ubuntu/Documents/ROS2/build/rover_gui/install.log --install-scripts $base/lib/rover_gui --single-version-externally-managed
[9.840s] Level 1:colcon.colcon_core.environment:checking '/home/rover-ubuntu/Documents/ROS2/install/rover_gui' for CMake module files
[9.841s] Level 1:colcon.colcon_core.environment:checking '/home/rover-ubuntu/Documents/ROS2/install/rover_gui' for CMake config files
[9.842s] Level 1:colcon.colcon_core.environment:checking '/home/rover-ubuntu/Documents/ROS2/install/rover_gui/lib'
[9.843s] Level 1:colcon.colcon_core.environment:checking '/home/rover-ubuntu/Documents/ROS2/install/rover_gui/bin'
[9.843s] Level 1:colcon.colcon_core.environment:checking '/home/rover-ubuntu/Documents/ROS2/install/rover_gui/lib/pkgconfig/rover_gui.pc'
[9.843s] Level 1:colcon.colcon_core.environment:checking '/home/rover-ubuntu/Documents/ROS2/install/rover_gui/lib/python3.8/site-packages'
[9.844s] Level 1:colcon.colcon_core.shell:create_environment_hook('rover_gui', 'pythonpath')
[9.847s] INFO:colcon.colcon_core.shell:Creating environment hook '/home/rover-ubuntu/Documents/ROS2/install/rover_gui/share/rover_gui/hook/pythonpath.ps1'
[9.848s] INFO:colcon.colcon_core.shell:Creating environment descriptor '/home/rover-ubuntu/Documents/ROS2/install/rover_gui/share/rover_gui/hook/pythonpath.dsv'
[9.849s] INFO:colcon.colcon_core.shell:Creating environment hook '/home/rover-ubuntu/Documents/ROS2/install/rover_gui/share/rover_gui/hook/pythonpath.sh'
[9.850s] Level 1:colcon.colcon_core.environment:checking '/home/rover-ubuntu/Documents/ROS2/install/rover_gui/bin'
[9.851s] Level 1:colcon.colcon_core.environment:create_environment_scripts_only(rover_gui)
[9.854s] INFO:colcon.colcon_core.shell:Creating package script '/home/rover-ubuntu/Documents/ROS2/install/rover_gui/share/rover_gui/package.ps1'
[9.860s] INFO:colcon.colcon_core.shell:Creating package descriptor '/home/rover-ubuntu/Documents/ROS2/install/rover_gui/share/rover_gui/package.dsv'
[9.863s] INFO:colcon.colcon_core.shell:Creating package script '/home/rover-ubuntu/Documents/ROS2/install/rover_gui/share/rover_gui/package.sh'
[9.866s] INFO:colcon.colcon_core.shell:Creating package script '/home/rover-ubuntu/Documents/ROS2/install/rover_gui/share/rover_gui/package.bash'
[9.882s] INFO:colcon.colcon_core.shell:Creating package script '/home/rover-ubuntu/Documents/ROS2/install/rover_gui/share/rover_gui/package.zsh'
[9.891s] Level 1:colcon.colcon_core.environment:create_file_with_runtime_dependencies(/home/rover-ubuntu/Documents/ROS2/install/rover_gui/share/colcon-core/packages/rover_gui)
[9.893s] DEBUG:colcon.colcon_parallel_executor.executor.parallel:closing loop
[9.893s] DEBUG:colcon.colcon_parallel_executor.executor.parallel:loop closed
[9.893s] DEBUG:colcon.colcon_parallel_executor.executor.parallel:run_until_complete finished with '0'
[9.894s] DEBUG:colcon.colcon_core.event_reactor:joining thread
[9.941s] INFO:colcon.colcon_core.plugin_system:Skipping extension 'colcon_notification.desktop_notification.terminal_notifier': Not used on non-Darwin systems
[9.941s] INFO:colcon.colcon_core.plugin_system:Skipping extension 'colcon_notification.desktop_notification.win32': Not used on non-Windows systems
[9.941s] INFO:colcon.colcon_notification.desktop_notification:Sending desktop notification using 'notify2'
[9.996s] DEBUG:colcon.colcon_core.event_reactor:joined thread
[9.998s] INFO:colcon.colcon_core.shell:Creating prefix script '/home/rover-ubuntu/Documents/ROS2/install/local_setup.ps1'
[10.010s] INFO:colcon.colcon_core.shell:Creating prefix util module '/home/rover-ubuntu/Documents/ROS2/install/_local_setup_util_ps1.py'
[10.014s] INFO:colcon.colcon_core.shell:Creating prefix chain script '/home/rover-ubuntu/Documents/ROS2/install/setup.ps1'
[10.020s] INFO:colcon.colcon_core.shell:Creating prefix script '/home/rover-ubuntu/Documents/ROS2/install/local_setup.sh'
[10.026s] INFO:colcon.colcon_core.shell:Creating prefix util module '/home/rover-ubuntu/Documents/ROS2/install/_local_setup_util_sh.py'
[10.027s] INFO:colcon.colcon_core.shell:Creating prefix chain script '/home/rover-ubuntu/Documents/ROS2/install/setup.sh'
[10.033s] INFO:colcon.colcon_core.shell:Creating prefix script '/home/rover-ubuntu/Documents/ROS2/install/local_setup.bash'
[10.037s] INFO:colcon.colcon_core.shell:Creating prefix chain script '/home/rover-ubuntu/Documents/ROS2/install/setup.bash'
[10.047s] INFO:colcon.colcon_core.shell:Creating prefix script '/home/rover-ubuntu/Documents/ROS2/install/local_setup.zsh'
[10.050s] INFO:colcon.colcon_core.shell:Creating prefix chain script '/home/rover-ubuntu/Documents/ROS2/install/setup.zsh'
