[1.383s] Invoking command in '/home/rover-ubuntu/Documents/ROS2/rover_cerebro/src/rover_gui': PYTHONPATH=/home/rover-ubuntu/Documents/ROS2/rover_cerebro/build/rover_gui/prefix_override:/home/rover-ubuntu/Documents/ROS2/rover_cerebro/install/rover_gui/lib/python3.8/site-packages:${PYTHONPATH} /usr/bin/python3 setup.py egg_info --egg-base ../../build/rover_gui build --build-base /home/rover-ubuntu/Documents/ROS2/rover_cerebro/build/rover_gui/build install --record /home/rover-ubuntu/Documents/ROS2/rover_cerebro/build/rover_gui/install.log --install-scripts $base/lib/rover_gui --single-version-externally-managed
[1.731s] running egg_info
[1.738s] writing ../../build/rover_gui/rover_gui.egg-info/PKG-INFO
[1.738s] writing dependency_links to ../../build/rover_gui/rover_gui.egg-info/dependency_links.txt
[1.739s] writing entry points to ../../build/rover_gui/rover_gui.egg-info/entry_points.txt
[1.739s] writing requirements to ../../build/rover_gui/rover_gui.egg-info/requires.txt
[1.739s] writing top-level names to ../../build/rover_gui/rover_gui.egg-info/top_level.txt
[1.777s] reading manifest file '../../build/rover_gui/rover_gui.egg-info/SOURCES.txt'
[1.779s] writing manifest file '../../build/rover_gui/rover_gui.egg-info/SOURCES.txt'
[1.780s] running build
[1.781s] running build_py
[1.781s] copying rover_gui/velocidad_publisher.py -> /home/rover-ubuntu/Documents/ROS2/rover_cerebro/build/rover_gui/build/lib/rover_gui
[1.781s] running install
[1.782s] running install_lib
[1.787s] copying /home/rover-ubuntu/Documents/ROS2/rover_cerebro/build/rover_gui/build/lib/rover_gui/velocidad_publisher.py -> /home/rover-ubuntu/Documents/ROS2/rover_cerebro/install/rover_gui/lib/python3.8/site-packages/rover_gui
[1.799s] byte-compiling /home/rover-ubuntu/Documents/ROS2/rover_cerebro/install/rover_gui/lib/python3.8/site-packages/rover_gui/velocidad_publisher.py to velocidad_publisher.cpython-38.pyc
[1.800s] running install_data
[1.801s] running install_egg_info
[1.802s] removing '/home/rover-ubuntu/Documents/ROS2/rover_cerebro/install/rover_gui/lib/python3.8/site-packages/rover_gui-0.0.0-py3.8.egg-info' (and everything under it)
[1.803s] Copying ../../build/rover_gui/rover_gui.egg-info to /home/rover-ubuntu/Documents/ROS2/rover_cerebro/install/rover_gui/lib/python3.8/site-packages/rover_gui-0.0.0-py3.8.egg-info
[1.803s] running install_scripts
[1.834s] Installing algoritmo script to /home/rover-ubuntu/Documents/ROS2/rover_cerebro/install/rover_gui/lib/rover_gui
[1.841s] Installing velocidad_talker script to /home/rover-ubuntu/Documents/ROS2/rover_cerebro/install/rover_gui/lib/rover_gui
[1.841s] writing list of installed files to '/home/rover-ubuntu/Documents/ROS2/rover_cerebro/build/rover_gui/install.log'
[1.939s] Invoked command in '/home/rover-ubuntu/Documents/ROS2/rover_cerebro/src/rover_gui' returned '0': PYTHONPATH=/home/rover-ubuntu/Documents/ROS2/rover_cerebro/build/rover_gui/prefix_override:/home/rover-ubuntu/Documents/ROS2/rover_cerebro/install/rover_gui/lib/python3.8/site-packages:${PYTHONPATH} /usr/bin/python3 setup.py egg_info --egg-base ../../build/rover_gui build --build-base /home/rover-ubuntu/Documents/ROS2/rover_cerebro/build/rover_gui/build install --record /home/rover-ubuntu/Documents/ROS2/rover_cerebro/build/rover_gui/install.log --install-scripts $base/lib/rover_gui --single-version-externally-managed
