[1.218s] Invoking command in '/home/rover-ubuntu/Documents/ROS2/rover_cerebro/src/rover_gui': PYTHONPATH=/home/rover-ubuntu/Documents/ROS2/build/rover_gui/prefix_override:/home/rover-ubuntu/Documents/ROS2/install/rover_gui/lib/python3.8/site-packages:${PYTHONPATH} /usr/bin/python3 setup.py egg_info --egg-base ../../../build/rover_gui build --build-base /home/rover-ubuntu/Documents/ROS2/build/rover_gui/build install --record /home/rover-ubuntu/Documents/ROS2/build/rover_gui/install.log --install-scripts $base/lib/rover_gui --single-version-externally-managed
[1.582s] running egg_info
[1.582s] writing ../../../build/rover_gui/rover_gui.egg-info/PKG-INFO
[1.584s] writing dependency_links to ../../../build/rover_gui/rover_gui.egg-info/dependency_links.txt
[1.598s] writing entry points to ../../../build/rover_gui/rover_gui.egg-info/entry_points.txt
[1.599s] writing requirements to ../../../build/rover_gui/rover_gui.egg-info/requires.txt
[1.600s] writing top-level names to ../../../build/rover_gui/rover_gui.egg-info/top_level.txt
[1.668s] reading manifest file '../../../build/rover_gui/rover_gui.egg-info/SOURCES.txt'
[1.675s] writing manifest file '../../../build/rover_gui/rover_gui.egg-info/SOURCES.txt'
[1.675s] running build
[1.675s] running build_py
[1.677s] copying rover_gui/algoritmo.py -> /home/rover-ubuntu/Documents/ROS2/build/rover_gui/build/lib/rover_gui
[1.677s] copying rover_gui/velocidad_publisher.py -> /home/rover-ubuntu/Documents/ROS2/build/rover_gui/build/lib/rover_gui
[1.678s] running install
[1.679s] running install_lib
[1.686s] copying /home/rover-ubuntu/Documents/ROS2/build/rover_gui/build/lib/rover_gui/algoritmo.py -> /home/rover-ubuntu/Documents/ROS2/install/rover_gui/lib/python3.8/site-packages/rover_gui
[1.686s] copying /home/rover-ubuntu/Documents/ROS2/build/rover_gui/build/lib/rover_gui/velocidad_publisher.py -> /home/rover-ubuntu/Documents/ROS2/install/rover_gui/lib/python3.8/site-packages/rover_gui
[1.688s] byte-compiling /home/rover-ubuntu/Documents/ROS2/install/rover_gui/lib/python3.8/site-packages/rover_gui/algoritmo.py to algoritmo.cpython-38.pyc
[1.698s] byte-compiling /home/rover-ubuntu/Documents/ROS2/install/rover_gui/lib/python3.8/site-packages/rover_gui/velocidad_publisher.py to velocidad_publisher.cpython-38.pyc
[1.699s] running install_data
[1.700s] running install_egg_info
[1.703s] removing '/home/rover-ubuntu/Documents/ROS2/install/rover_gui/lib/python3.8/site-packages/rover_gui-0.0.0-py3.8.egg-info' (and everything under it)
[1.704s] Copying ../../../build/rover_gui/rover_gui.egg-info to /home/rover-ubuntu/Documents/ROS2/install/rover_gui/lib/python3.8/site-packages/rover_gui-0.0.0-py3.8.egg-info
[1.704s] running install_scripts
[1.735s] Installing algoritmo script to /home/rover-ubuntu/Documents/ROS2/install/rover_gui/lib/rover_gui
[1.736s] Installing velocidad_talker script to /home/rover-ubuntu/Documents/ROS2/install/rover_gui/lib/rover_gui
[1.745s] writing list of installed files to '/home/rover-ubuntu/Documents/ROS2/build/rover_gui/install.log'
[1.805s] Invoked command in '/home/rover-ubuntu/Documents/ROS2/rover_cerebro/src/rover_gui' returned '0': PYTHONPATH=/home/rover-ubuntu/Documents/ROS2/build/rover_gui/prefix_override:/home/rover-ubuntu/Documents/ROS2/install/rover_gui/lib/python3.8/site-packages:${PYTHONPATH} /usr/bin/python3 setup.py egg_info --egg-base ../../../build/rover_gui build --build-base /home/rover-ubuntu/Documents/ROS2/build/rover_gui/build install --record /home/rover-ubuntu/Documents/ROS2/build/rover_gui/install.log --install-scripts $base/lib/rover_gui --single-version-externally-managed
