[1.866s] Invoking command in '/home/rover-ubuntu/Documents/ROS2/rover_cerebro/src/rover_gui': PYTHONPATH=/home/rover-ubuntu/Documents/ROS2/rover_cerebro/build/rover_gui/prefix_override:/home/rover-ubuntu/Documents/ROS2/rover_cerebro/install/rover_gui/lib/python3.8/site-packages:${PYTHONPATH} /usr/bin/python3 setup.py egg_info --egg-base ../../build/rover_gui build --build-base /home/rover-ubuntu/Documents/ROS2/rover_cerebro/build/rover_gui/build install --record /home/rover-ubuntu/Documents/ROS2/rover_cerebro/build/rover_gui/install.log --install-scripts $base/lib/rover_gui --single-version-externally-managed
[2.259s] running egg_info
[2.266s] writing ../../build/rover_gui/rover_gui.egg-info/PKG-INFO
[2.266s] writing dependency_links to ../../build/rover_gui/rover_gui.egg-info/dependency_links.txt
[2.266s] writing entry points to ../../build/rover_gui/rover_gui.egg-info/entry_points.txt
[2.268s] writing requirements to ../../build/rover_gui/rover_gui.egg-info/requires.txt
[2.270s] writing top-level names to ../../build/rover_gui/rover_gui.egg-info/top_level.txt
[2.335s] reading manifest file '../../build/rover_gui/rover_gui.egg-info/SOURCES.txt'
[2.339s] writing manifest file '../../build/rover_gui/rover_gui.egg-info/SOURCES.txt'
[2.340s] running build
[2.340s] running build_py
[2.340s] running install
[2.343s] running install_lib
[2.346s] running install_data
[2.346s] running install_egg_info
[2.351s] removing '/home/rover-ubuntu/Documents/ROS2/rover_cerebro/install/rover_gui/lib/python3.8/site-packages/rover_gui-0.0.0-py3.8.egg-info' (and everything under it)
[2.352s] Copying ../../build/rover_gui/rover_gui.egg-info to /home/rover-ubuntu/Documents/ROS2/rover_cerebro/install/rover_gui/lib/python3.8/site-packages/rover_gui-0.0.0-py3.8.egg-info
[2.353s] running install_scripts
[2.392s] Installing GUINode script to /home/rover-ubuntu/Documents/ROS2/rover_cerebro/install/rover_gui/lib/rover_gui
[2.395s] Installing camera_publisher script to /home/rover-ubuntu/Documents/ROS2/rover_cerebro/install/rover_gui/lib/rover_gui
[2.400s] Installing camera_suscriber script to /home/rover-ubuntu/Documents/ROS2/rover_cerebro/install/rover_gui/lib/rover_gui
[2.404s] writing list of installed files to '/home/rover-ubuntu/Documents/ROS2/rover_cerebro/build/rover_gui/install.log'
[2.460s] Invoked command in '/home/rover-ubuntu/Documents/ROS2/rover_cerebro/src/rover_gui' returned '0': PYTHONPATH=/home/rover-ubuntu/Documents/ROS2/rover_cerebro/build/rover_gui/prefix_override:/home/rover-ubuntu/Documents/ROS2/rover_cerebro/install/rover_gui/lib/python3.8/site-packages:${PYTHONPATH} /usr/bin/python3 setup.py egg_info --egg-base ../../build/rover_gui build --build-base /home/rover-ubuntu/Documents/ROS2/rover_cerebro/build/rover_gui/build install --record /home/rover-ubuntu/Documents/ROS2/rover_cerebro/build/rover_gui/install.log --install-scripts $base/lib/rover_gui --single-version-externally-managed
