[0.292s] DEBUG:colcon:Command line arguments: ['/usr/bin/colcon', 'build']
[0.292s] DEBUG:colcon:Parsed command line arguments: Namespace(allow_overriding=[], ament_cmake_args=None, base_paths=['.'], build_base='build', catkin_cmake_args=None, catkin_skip_building_tests=False, cmake_args=None, cmake_clean_cache=False, cmake_clean_first=False, cmake_force_configure=False, cmake_target=None, cmake_target_skip_unavailable=False, continue_on_error=False, event_handlers=None, executor='parallel', ignore_user_meta=False, install_base='install', log_base=None, log_level=None, main=<bound method BuildVerb.main of <colcon_core.verb.build.BuildVerb object at 0x7f02d659e460>>, merge_install=False, metas=['./colcon.meta'], packages_above=None, packages_above_and_dependencies=None, packages_above_depth=None, packages_end=None, packages_ignore=None, packages_ignore_regex=None, packages_select=None, packages_select_build_failed=False, packages_select_by_dep=None, packages_select_regex=None, packages_select_test_failures=False, packages_skip=None, packages_skip_build_finished=False, packages_skip_by_dep=None, packages_skip_regex=None, packages_skip_test_passed=False, packages_skip_up_to=None, packages_start=None, packages_up_to=None, packages_up_to_regex=None, parallel_workers=8, paths=None, symlink_install=False, test_result_base=None, verb_extension=<colcon_core.verb.build.BuildVerb object at 0x7f02d659e460>, verb_name='build', verb_parser=<colcon_defaults.argument_parser.defaults.DefaultArgumentsDecorator object at 0x7f02d659e9a0>)
[0.318s] Level 1:colcon.colcon_core.package_discovery:discover_packages(colcon_meta) check parameters
[0.318s] Level 1:colcon.colcon_core.package_discovery:discover_packages(recursive) check parameters
[0.318s] Level 1:colcon.colcon_core.package_discovery:discover_packages(ignore) check parameters
[0.318s] Level 1:colcon.colcon_core.package_discovery:discover_packages(path) check parameters
[0.318s] Level 1:colcon.colcon_core.package_discovery:discover_packages(colcon_meta) discover
[0.318s] Level 1:colcon.colcon_core.package_discovery:discover_packages(recursive) discover
[0.318s] INFO:colcon.colcon_core.package_discovery:Crawling recursively for packages in '/home/lolineko/Documents/ROS2/rover_cerebro'
[0.318s] Level 1:colcon.colcon_core.package_identification:_identify(.) by extensions ['ignore', 'ignore_ament_install']
[0.318s] Level 1:colcon.colcon_core.package_identification:_identify(.) by extension 'ignore'
[0.318s] Level 1:colcon.colcon_core.package_identification:_identify(.) by extension 'ignore_ament_install'
[0.318s] Level 1:colcon.colcon_core.package_identification:_identify(.) by extensions ['colcon_pkg']
[0.318s] Level 1:colcon.colcon_core.package_identification:_identify(.) by extension 'colcon_pkg'
[0.318s] Level 1:colcon.colcon_core.package_identification:_identify(.) by extensions ['colcon_meta']
[0.318s] Level 1:colcon.colcon_core.package_identification:_identify(.) by extension 'colcon_meta'
[0.318s] Level 1:colcon.colcon_core.package_identification:_identify(.) by extensions ['ros']
[0.318s] Level 1:colcon.colcon_core.package_identification:_identify(.) by extension 'ros'
[0.341s] Level 1:colcon.colcon_core.package_identification:_identify(.) by extensions ['cmake', 'python']
[0.341s] Level 1:colcon.colcon_core.package_identification:_identify(.) by extension 'cmake'
[0.341s] Level 1:colcon.colcon_core.package_identification:_identify(.) by extension 'python'
[0.341s] Level 1:colcon.colcon_core.package_identification:_identify(.) by extensions ['python_setup_py']
[0.341s] Level 1:colcon.colcon_core.package_identification:_identify(.) by extension 'python_setup_py'
[0.341s] Level 1:colcon.colcon_core.package_identification:_identify(build) by extensions ['ignore', 'ignore_ament_install']
[0.342s] Level 1:colcon.colcon_core.package_identification:_identify(build) by extension 'ignore'
[0.342s] Level 1:colcon.colcon_core.package_identification:_identify(build) ignored
[0.342s] Level 1:colcon.colcon_core.package_identification:_identify(install) by extensions ['ignore', 'ignore_ament_install']
[0.342s] Level 1:colcon.colcon_core.package_identification:_identify(install) by extension 'ignore'
[0.342s] Level 1:colcon.colcon_core.package_identification:_identify(install) ignored
[0.342s] Level 1:colcon.colcon_core.package_identification:_identify(log) by extensions ['ignore', 'ignore_ament_install']
[0.342s] Level 1:colcon.colcon_core.package_identification:_identify(log) by extension 'ignore'
[0.342s] Level 1:colcon.colcon_core.package_identification:_identify(log) ignored
[0.342s] Level 1:colcon.colcon_core.package_identification:_identify(src) by extensions ['ignore', 'ignore_ament_install']
[0.342s] Level 1:colcon.colcon_core.package_identification:_identify(src) by extension 'ignore'
[0.342s] Level 1:colcon.colcon_core.package_identification:_identify(src) by extension 'ignore_ament_install'
[0.342s] Level 1:colcon.colcon_core.package_identification:_identify(src) by extensions ['colcon_pkg']
[0.342s] Level 1:colcon.colcon_core.package_identification:_identify(src) by extension 'colcon_pkg'
[0.342s] Level 1:colcon.colcon_core.package_identification:_identify(src) by extensions ['colcon_meta']
[0.342s] Level 1:colcon.colcon_core.package_identification:_identify(src) by extension 'colcon_meta'
[0.342s] Level 1:colcon.colcon_core.package_identification:_identify(src) by extensions ['ros']
[0.343s] Level 1:colcon.colcon_core.package_identification:_identify(src) by extension 'ros'
[0.343s] Level 1:colcon.colcon_core.package_identification:_identify(src) by extensions ['cmake', 'python']
[0.343s] Level 1:colcon.colcon_core.package_identification:_identify(src) by extension 'cmake'
[0.343s] Level 1:colcon.colcon_core.package_identification:_identify(src) by extension 'python'
[0.343s] Level 1:colcon.colcon_core.package_identification:_identify(src) by extensions ['python_setup_py']
[0.343s] Level 1:colcon.colcon_core.package_identification:_identify(src) by extension 'python_setup_py'
[0.343s] Level 1:colcon.colcon_core.package_identification:_identify(src/rover_gui) by extensions ['ignore', 'ignore_ament_install']
[0.343s] Level 1:colcon.colcon_core.package_identification:_identify(src/rover_gui) by extension 'ignore'
[0.343s] Level 1:colcon.colcon_core.package_identification:_identify(src/rover_gui) by extension 'ignore_ament_install'
[0.343s] Level 1:colcon.colcon_core.package_identification:_identify(src/rover_gui) by extensions ['colcon_pkg']
[0.343s] Level 1:colcon.colcon_core.package_identification:_identify(src/rover_gui) by extension 'colcon_pkg'
[0.343s] Level 1:colcon.colcon_core.package_identification:_identify(src/rover_gui) by extensions ['colcon_meta']
[0.343s] Level 1:colcon.colcon_core.package_identification:_identify(src/rover_gui) by extension 'colcon_meta'
[0.343s] Level 1:colcon.colcon_core.package_identification:_identify(src/rover_gui) by extensions ['ros']
[0.343s] Level 1:colcon.colcon_core.package_identification:_identify(src/rover_gui) by extension 'ros'
[0.346s] DEBUG:colcon.colcon_core.package_identification:Package 'src/rover_gui' with type 'ros.ament_python' and name 'rover_gui'
[0.346s] Level 1:colcon.colcon_core.package_discovery:discover_packages(recursive) using defaults
[0.346s] Level 1:colcon.colcon_core.package_discovery:discover_packages(ignore) discover
[0.346s] Level 1:colcon.colcon_core.package_discovery:discover_packages(ignore) using defaults
[0.346s] Level 1:colcon.colcon_core.package_discovery:discover_packages(path) discover
[0.346s] Level 1:colcon.colcon_core.package_discovery:discover_packages(path) using defaults
[0.365s] Level 1:colcon.colcon_core.package_discovery:discover_packages(prefix_path) check parameters
[0.365s] Level 1:colcon.colcon_core.package_discovery:discover_packages(prefix_path) discover
[0.368s] DEBUG:colcon.colcon_installed_package_information.package_discovery:Found 1 installed packages in /home/lolineko/Documents/ROS2/rover_cerebro/install
[0.370s] DEBUG:colcon.colcon_installed_package_information.package_discovery:Found 258 installed packages in /opt/ros/foxy
[0.371s] Level 1:colcon.colcon_core.package_discovery:discover_packages(prefix_path) using defaults
[0.438s] Level 5:colcon.colcon_core.verb:set package 'rover_gui' build argument 'cmake_args' from command line to 'None'
[0.439s] Level 5:colcon.colcon_core.verb:set package 'rover_gui' build argument 'cmake_target' from command line to 'None'
[0.439s] Level 5:colcon.colcon_core.verb:set package 'rover_gui' build argument 'cmake_target_skip_unavailable' from command line to 'False'
[0.439s] Level 5:colcon.colcon_core.verb:set package 'rover_gui' build argument 'cmake_clean_cache' from command line to 'False'
[0.439s] Level 5:colcon.colcon_core.verb:set package 'rover_gui' build argument 'cmake_clean_first' from command line to 'False'
[0.439s] Level 5:colcon.colcon_core.verb:set package 'rover_gui' build argument 'cmake_force_configure' from command line to 'False'
[0.439s] Level 5:colcon.colcon_core.verb:set package 'rover_gui' build argument 'ament_cmake_args' from command line to 'None'
[0.439s] Level 5:colcon.colcon_core.verb:set package 'rover_gui' build argument 'catkin_cmake_args' from command line to 'None'
[0.439s] Level 5:colcon.colcon_core.verb:set package 'rover_gui' build argument 'catkin_skip_building_tests' from command line to 'False'
[0.439s] DEBUG:colcon.colcon_core.verb:Building package 'rover_gui' with the following arguments: {'ament_cmake_args': None, 'build_base': '/home/lolineko/Documents/ROS2/rover_cerebro/build/rover_gui', 'catkin_cmake_args': None, 'catkin_skip_building_tests': False, 'cmake_args': None, 'cmake_clean_cache': False, 'cmake_clean_first': False, 'cmake_force_configure': False, 'cmake_target': None, 'cmake_target_skip_unavailable': False, 'install_base': '/home/lolineko/Documents/ROS2/rover_cerebro/install/rover_gui', 'merge_install': False, 'path': '/home/lolineko/Documents/ROS2/rover_cerebro/src/rover_gui', 'symlink_install': False, 'test_result_base': None}
[0.439s] INFO:colcon.colcon_core.executor:Executing jobs using 'parallel' executor
[0.443s] DEBUG:colcon.colcon_parallel_executor.executor.parallel:run_until_complete
[0.443s] INFO:colcon.colcon_ros.task.ament_python.build:Building ROS package in '/home/lolineko/Documents/ROS2/rover_cerebro/src/rover_gui' with build type 'ament_python'
[0.444s] Level 1:colcon.colcon_core.shell:create_environment_hook('rover_gui', 'ament_prefix_path')
[0.448s] INFO:colcon.colcon_core.plugin_system:Skipping extension 'colcon_core.shell.bat': Not used on non-Windows systems
[0.448s] INFO:colcon.colcon_core.shell:Creating environment hook '/home/lolineko/Documents/ROS2/rover_cerebro/install/rover_gui/share/rover_gui/hook/ament_prefix_path.ps1'
[0.449s] INFO:colcon.colcon_core.shell:Creating environment descriptor '/home/lolineko/Documents/ROS2/rover_cerebro/install/rover_gui/share/rover_gui/hook/ament_prefix_path.dsv'
[0.449s] INFO:colcon.colcon_core.shell:Creating environment hook '/home/lolineko/Documents/ROS2/rover_cerebro/install/rover_gui/share/rover_gui/hook/ament_prefix_path.sh'
[0.451s] INFO:colcon.colcon_core.shell:Skip shell extension 'powershell' for command environment: Not usable outside of PowerShell
[0.451s] DEBUG:colcon.colcon_core.shell:Skip shell extension 'dsv' for command environment
[0.691s] INFO:colcon.colcon_core.task.python.build:Building Python package in '/home/lolineko/Documents/ROS2/rover_cerebro/src/rover_gui'
[0.696s] INFO:colcon.colcon_core.shell:Skip shell extension 'powershell' for command environment: Not usable outside of PowerShell
[0.696s] DEBUG:colcon.colcon_core.shell:Skip shell extension 'dsv' for command environment
[1.139s] DEBUG:colcon.colcon_core.event_handler.log_command:Invoking command in '/home/lolineko/Documents/ROS2/rover_cerebro/src/rover_gui': PYTHONPATH=/home/lolineko/Documents/ROS2/rover_cerebro/build/rover_gui/prefix_override:/home/lolineko/Documents/ROS2/rover_cerebro/install/rover_gui/lib/python3.8/site-packages:${PYTHONPATH} /usr/bin/python3 setup.py egg_info --egg-base ../../build/rover_gui build --build-base /home/lolineko/Documents/ROS2/rover_cerebro/build/rover_gui/build install --record /home/lolineko/Documents/ROS2/rover_cerebro/build/rover_gui/install.log --install-scripts $base/lib/rover_gui --single-version-externally-managed
[1.431s] DEBUG:colcon.colcon_core.event_handler.log_command:Invoked command in '/home/lolineko/Documents/ROS2/rover_cerebro/src/rover_gui' returned '0': PYTHONPATH=/home/lolineko/Documents/ROS2/rover_cerebro/build/rover_gui/prefix_override:/home/lolineko/Documents/ROS2/rover_cerebro/install/rover_gui/lib/python3.8/site-packages:${PYTHONPATH} /usr/bin/python3 setup.py egg_info --egg-base ../../build/rover_gui build --build-base /home/lolineko/Documents/ROS2/rover_cerebro/build/rover_gui/build install --record /home/lolineko/Documents/ROS2/rover_cerebro/build/rover_gui/install.log --install-scripts $base/lib/rover_gui --single-version-externally-managed
[1.441s] Level 1:colcon.colcon_core.environment:checking '/home/lolineko/Documents/ROS2/rover_cerebro/install/rover_gui' for CMake module files
[1.442s] Level 1:colcon.colcon_core.environment:checking '/home/lolineko/Documents/ROS2/rover_cerebro/install/rover_gui' for CMake config files
[1.444s] Level 1:colcon.colcon_core.environment:checking '/home/lolineko/Documents/ROS2/rover_cerebro/install/rover_gui/lib'
[1.444s] Level 1:colcon.colcon_core.environment:checking '/home/lolineko/Documents/ROS2/rover_cerebro/install/rover_gui/bin'
[1.444s] Level 1:colcon.colcon_core.environment:checking '/home/lolineko/Documents/ROS2/rover_cerebro/install/rover_gui/lib/pkgconfig/rover_gui.pc'
[1.445s] Level 1:colcon.colcon_core.environment:checking '/home/lolineko/Documents/ROS2/rover_cerebro/install/rover_gui/lib/python3.8/site-packages'
[1.445s] Level 1:colcon.colcon_core.shell:create_environment_hook('rover_gui', 'pythonpath')
[1.446s] INFO:colcon.colcon_core.shell:Creating environment hook '/home/lolineko/Documents/ROS2/rover_cerebro/install/rover_gui/share/rover_gui/hook/pythonpath.ps1'
[1.447s] INFO:colcon.colcon_core.shell:Creating environment descriptor '/home/lolineko/Documents/ROS2/rover_cerebro/install/rover_gui/share/rover_gui/hook/pythonpath.dsv'
[1.447s] INFO:colcon.colcon_core.shell:Creating environment hook '/home/lolineko/Documents/ROS2/rover_cerebro/install/rover_gui/share/rover_gui/hook/pythonpath.sh'
[1.448s] Level 1:colcon.colcon_core.environment:checking '/home/lolineko/Documents/ROS2/rover_cerebro/install/rover_gui/bin'
[1.448s] Level 1:colcon.colcon_core.environment:create_environment_scripts_only(rover_gui)
[1.449s] INFO:colcon.colcon_core.shell:Creating package script '/home/lolineko/Documents/ROS2/rover_cerebro/install/rover_gui/share/rover_gui/package.ps1'
[1.450s] INFO:colcon.colcon_core.shell:Creating package descriptor '/home/lolineko/Documents/ROS2/rover_cerebro/install/rover_gui/share/rover_gui/package.dsv'
[1.451s] INFO:colcon.colcon_core.shell:Creating package script '/home/lolineko/Documents/ROS2/rover_cerebro/install/rover_gui/share/rover_gui/package.sh'
[1.451s] INFO:colcon.colcon_core.shell:Creating package script '/home/lolineko/Documents/ROS2/rover_cerebro/install/rover_gui/share/rover_gui/package.bash'
[1.452s] INFO:colcon.colcon_core.shell:Creating package script '/home/lolineko/Documents/ROS2/rover_cerebro/install/rover_gui/share/rover_gui/package.zsh'
[1.452s] Level 1:colcon.colcon_core.environment:create_file_with_runtime_dependencies(/home/lolineko/Documents/ROS2/rover_cerebro/install/rover_gui/share/colcon-core/packages/rover_gui)
[1.453s] DEBUG:colcon.colcon_parallel_executor.executor.parallel:closing loop
[1.453s] DEBUG:colcon.colcon_parallel_executor.executor.parallel:loop closed
[1.453s] DEBUG:colcon.colcon_parallel_executor.executor.parallel:run_until_complete finished with '0'
[1.453s] DEBUG:colcon.colcon_core.event_reactor:joining thread
[1.458s] INFO:colcon.colcon_core.plugin_system:Skipping extension 'colcon_notification.desktop_notification.terminal_notifier': Not used on non-Darwin systems
[1.458s] INFO:colcon.colcon_core.plugin_system:Skipping extension 'colcon_notification.desktop_notification.win32': Not used on non-Windows systems
[1.458s] INFO:colcon.colcon_notification.desktop_notification:Sending desktop notification using 'notify2'
[1.478s] DEBUG:colcon.colcon_core.event_reactor:joined thread
[1.481s] INFO:colcon.colcon_core.shell:Creating prefix script '/home/lolineko/Documents/ROS2/rover_cerebro/install/local_setup.ps1'
[1.482s] INFO:colcon.colcon_core.shell:Creating prefix util module '/home/lolineko/Documents/ROS2/rover_cerebro/install/_local_setup_util_ps1.py'
[1.483s] INFO:colcon.colcon_core.shell:Creating prefix chain script '/home/lolineko/Documents/ROS2/rover_cerebro/install/setup.ps1'
[1.485s] INFO:colcon.colcon_core.shell:Creating prefix script '/home/lolineko/Documents/ROS2/rover_cerebro/install/local_setup.sh'
[1.485s] INFO:colcon.colcon_core.shell:Creating prefix util module '/home/lolineko/Documents/ROS2/rover_cerebro/install/_local_setup_util_sh.py'
[1.486s] INFO:colcon.colcon_core.shell:Creating prefix chain script '/home/lolineko/Documents/ROS2/rover_cerebro/install/setup.sh'
[1.487s] INFO:colcon.colcon_core.shell:Creating prefix script '/home/lolineko/Documents/ROS2/rover_cerebro/install/local_setup.bash'
[1.488s] INFO:colcon.colcon_core.shell:Creating prefix chain script '/home/lolineko/Documents/ROS2/rover_cerebro/install/setup.bash'
[1.489s] INFO:colcon.colcon_core.shell:Creating prefix script '/home/lolineko/Documents/ROS2/rover_cerebro/install/local_setup.zsh'
[1.489s] INFO:colcon.colcon_core.shell:Creating prefix chain script '/home/lolineko/Documents/ROS2/rover_cerebro/install/setup.zsh'
