running egg_info
creating ../../../build/rover_gui/rover_gui.egg-info
writing ../../../build/rover_gui/rover_gui.egg-info/PKG-INFO
writing dependency_links to ../../../build/rover_gui/rover_gui.egg-info/dependency_links.txt
writing entry points to ../../../build/rover_gui/rover_gui.egg-info/entry_points.txt
writing requirements to ../../../build/rover_gui/rover_gui.egg-info/requires.txt
writing top-level names to ../../../build/rover_gui/rover_gui.egg-info/top_level.txt
writing manifest file '../../../build/rover_gui/rover_gui.egg-info/SOURCES.txt'
reading manifest file '../../../build/rover_gui/rover_gui.egg-info/SOURCES.txt'
writing manifest file '../../../build/rover_gui/rover_gui.egg-info/SOURCES.txt'
running build
running build_py
creating /home/rover-ubuntu/Documents/ROS2/build/rover_gui/build
creating /home/rover-ubuntu/Documents/ROS2/build/rover_gui/build/lib
creating /home/rover-ubuntu/Documents/ROS2/build/rover_gui/build/lib/rover_gui
copying rover_gui/__init__.py -> /home/rover-ubuntu/Documents/ROS2/build/rover_gui/build/lib/rover_gui
copying rover_gui/algoritmo.py -> /home/rover-ubuntu/Documents/ROS2/build/rover_gui/build/lib/rover_gui
copying rover_gui/velocidad_publisher.py -> /home/rover-ubuntu/Documents/ROS2/build/rover_gui/build/lib/rover_gui
running install
running install_lib
creating /home/rover-ubuntu/Documents/ROS2/install/rover_gui/lib/python3.8/site-packages/rover_gui
copying /home/rover-ubuntu/Documents/ROS2/build/rover_gui/build/lib/rover_gui/__init__.py -> /home/rover-ubuntu/Documents/ROS2/install/rover_gui/lib/python3.8/site-packages/rover_gui
copying /home/rover-ubuntu/Documents/ROS2/build/rover_gui/build/lib/rover_gui/algoritmo.py -> /home/rover-ubuntu/Documents/ROS2/install/rover_gui/lib/python3.8/site-packages/rover_gui
copying /home/rover-ubuntu/Documents/ROS2/build/rover_gui/build/lib/rover_gui/velocidad_publisher.py -> /home/rover-ubuntu/Documents/ROS2/install/rover_gui/lib/python3.8/site-packages/rover_gui
byte-compiling /home/rover-ubuntu/Documents/ROS2/install/rover_gui/lib/python3.8/site-packages/rover_gui/__init__.py to __init__.cpython-38.pyc
byte-compiling /home/rover-ubuntu/Documents/ROS2/install/rover_gui/lib/python3.8/site-packages/rover_gui/algoritmo.py to algoritmo.cpython-38.pyc
byte-compiling /home/rover-ubuntu/Documents/ROS2/install/rover_gui/lib/python3.8/site-packages/rover_gui/velocidad_publisher.py to velocidad_publisher.cpython-38.pyc
running install_data
creating /home/rover-ubuntu/Documents/ROS2/install/rover_gui/share/ament_index
creating /home/rover-ubuntu/Documents/ROS2/install/rover_gui/share/ament_index/resource_index
creating /home/rover-ubuntu/Documents/ROS2/install/rover_gui/share/ament_index/resource_index/packages
copying resource/rover_gui -> /home/rover-ubuntu/Documents/ROS2/install/rover_gui/share/ament_index/resource_index/packages
copying package.xml -> /home/rover-ubuntu/Documents/ROS2/install/rover_gui/share/rover_gui
running install_egg_info
Copying ../../../build/rover_gui/rover_gui.egg-info to /home/rover-ubuntu/Documents/ROS2/install/rover_gui/lib/python3.8/site-packages/rover_gui-0.0.0-py3.8.egg-info
running install_scripts
Installing algoritmo script to /home/rover-ubuntu/Documents/ROS2/install/rover_gui/lib/rover_gui
Installing velocidad_talker script to /home/rover-ubuntu/Documents/ROS2/install/rover_gui/lib/rover_gui
writing list of installed files to '/home/rover-ubuntu/Documents/ROS2/build/rover_gui/install.log'
